[debug] [2022-01-22T07:18:36.826Z] ----------------------------------------------------------------------
[debug] [2022-01-22T07:18:36.828Z] Command:       /usr/local/bin/node /usr/local/bin/firebase login
[debug] [2022-01-22T07:18:36.828Z] CLI Version:   10.1.2
[debug] [2022-01-22T07:18:36.828Z] Platform:      darwin
[debug] [2022-01-22T07:18:36.828Z] Node Version:  v14.17.6
[debug] [2022-01-22T07:18:36.829Z] Time:          Sat Jan 22 2022 15:18:36 GMT+0800 (中国标准时间)
[debug] [2022-01-22T07:18:36.829Z] ----------------------------------------------------------------------
[debug] 
[debug] [2022-01-22T07:18:36.834Z] >>> [apiv2][query] GET https://firebase-public.firebaseio.com/cli.json [none]
[info] i  Firebase optionally collects CLI usage and error reporting information to help improve our products. Data is collected in accordance with Google's privacy policy (https://policies.google.com/privacy) and is not used to identify you.
 
[info] i  To change your data collection preference at any time, run `firebase logout` and log in again. 
[info] 
[info] Visit this URL on this device to log in:
[info] https://accounts.google.com/o/oauth2/auth?client_id=563584335869-fgrhgmd47bqnekij5i8b5pr03ho849e6.apps.googleusercontent.com&scope=email%20openid%20https%3A%2F%2Fwww.googleapis.com%2Fauth%2Fcloudplatformprojects.readonly%20https%3A%2F%2Fwww.googleapis.com%2Fauth%2Ffirebase%20https%3A%2F%2Fwww.googleapis.com%2Fauth%2Fcloud-platform&response_type=code&state=932719488&redirect_uri=http%3A%2F%2Flocalhost%3A9005
[info] 
[info] Waiting for authentication...
[debug] [2022-01-22T07:19:09.344Z] >>> HTTP REQUEST POST https://accounts.google.com/o/oauth2/token  
 {"code":"4/0AX4XfWg_2OOSantPrD7w1MZVvV-SMEdGb81zf8wTE9HeQ8KVVNWYlQSKJXSaGmr1lr6aMQ","client_id":"563584335869-fgrhgmd47bqnekij5i8b5pr03ho849e6.apps.googleusercontent.com","client_secret":"j9iVZfS8kkCEFUPaAeJV0sAi","redirect_uri":"http://localhost:9005","grant_type":"authorization_code"}
[debug] [2022-01-22T07:20:24.475Z] Token Fetch Error: FirebaseError: Server Error. connect ETIMEDOUT 172.217.163.45:443
    at Request._callback (/usr/local/lib/node_modules/firebase-tools/lib/api.js:32:31)
    at self.callback (/usr/local/lib/node_modules/firebase-tools/node_modules/request/request.js:185:22)
    at Request.emit (events.js:400:28)
    at Request.emit (domain.js:470:12)
    at Request.onRequestError (/usr/local/lib/node_modules/firebase-tools/node_modules/request/request.js:881:8)
    at ClientRequest.emit (events.js:400:28)
    at ClientRequest.emit (domain.js:470:12)
    at TLSSocket.socketErrorListener (_http_client.js:475:9)
    at TLSSocket.emit (events.js:400:28)
    at TLSSocket.emit (domain.js:470:12)
    at emitErrorNT (internal/streams/destroy.js:106:8)
    at emitErrorCloseNT (internal/streams/destroy.js:74:3)
    at processTicksAndRejections (internal/process/task_queues.js:82:21)
[info] 
[info] Visit this URL on any device to log in:
[info] https://accounts.google.com/o/oauth2/auth?client_id=563584335869-fgrhgmd47bqnekij5i8b5pr03ho849e6.apps.googleusercontent.com&scope=email%20openid%20https%3A%2F%2Fwww.googleapis.com%2Fauth%2Fcloudplatformprojects.readonly%20https%3A%2F%2Fwww.googleapis.com%2Fauth%2Ffirebase%20https%3A%2F%2Fwww.googleapis.com%2Fauth%2Fcloud-platform&response_type=code&state=932719488&redirect_uri=urn%3Aietf%3Awg%3Aoauth%3A2.0%3Aoob
[info] 
